y:\vulkan\sample2019\x64\debug\vc142.pdb
y:\vulkan\sample2019-coloredcube\x64\debug\vc142.pdb
y:\vulkan\sample2019-coloredcube\x64\debug\sample.obj
y:\vulkan\sample2019\x64\debug\sample.pdb
y:\vulkan\sample2019-coloredcube\x64\debug\sample.exe
y:\vulkan\sample2019-coloredcube\x64\debug\sample.ilk
y:\vulkan\sample2019-coloredcube\x64\debug\sample.pdb
c:\users\stygi\desktop\irl stuff\osu folder\cs 419 vulkan\proj5\sample2019-coloredcube\x64\debug\sample.obj
c:\users\stygi\desktop\irl stuff\osu folder\cs 419 vulkan\proj5\sample2019-coloredcube\x64\debug\sample.ilk
c:\users\stygi\desktop\irl stuff\osu folder\cs 419 vulkan\proj5\sample2019-coloredcube\x64\debug\vc142.idb
c:\users\stygi\desktop\irl stuff\osu folder\cs 419 vulkan\proj5\sample2019-coloredcube\x64\debug\sample.pdb
c:\users\stygi\desktop\irl stuff\osu folder\cs 419 vulkan\proj5\sample2019-coloredcube\x64\debug\vc142.pdb
c:\users\stygi\desktop\irl stuff\osu folder\cs 419 vulkan\proj5\sample2019-coloredcube\x64\debug\sample.exe
c:\users\stygi\desktop\irl stuff\osu folder\cs 419 vulkan\proj5\sample2019-coloredcube\x64\debug\sample.tlog\cl.command.1.tlog
c:\users\stygi\desktop\irl stuff\osu folder\cs 419 vulkan\proj5\sample2019-coloredcube\x64\debug\sample.tlog\cl.read.1.tlog
c:\users\stygi\desktop\irl stuff\osu folder\cs 419 vulkan\proj5\sample2019-coloredcube\x64\debug\sample.tlog\cl.write.1.tlog
c:\users\stygi\desktop\irl stuff\osu folder\cs 419 vulkan\proj5\sample2019-coloredcube\x64\debug\sample.tlog\link.command.1.tlog
c:\users\stygi\desktop\irl stuff\osu folder\cs 419 vulkan\proj5\sample2019-coloredcube\x64\debug\sample.tlog\link.delete.1.tlog
c:\users\stygi\desktop\irl stuff\osu folder\cs 419 vulkan\proj5\sample2019-coloredcube\x64\debug\sample.tlog\link.read.1.tlog
c:\users\stygi\desktop\irl stuff\osu folder\cs 419 vulkan\proj5\sample2019-coloredcube\x64\debug\sample.tlog\link.write.1.tlog
